<?xml version="1.0" encoding="UTF-8"?>
<!-- Generated by org.testng.reporters.JUnitReportReporter -->
<testsuite hostname="ArnoldShivajinagar" failures="0" tests="1" name="TestCases.VrifyRegester" time="55.274" errors="0" timestamp="2023-07-02T15:18:52 IST" skipped="0">
  <testcase classname="TestCases.VrifyRegester" name="Regester" time="55.274"/>
  <system-out/>
</testsuite> <!-- TestCases.VrifyRegester -->
