<?xml version="1.0" encoding="UTF-8"?>
<!-- Generated by org.testng.reporters.JUnitReportReporter -->
<testsuite hostname="ArnoldShivajinagar" failures="0" tests="1" name="TestCases.VrifyRegester" time="26.038" errors="0" timestamp="2023-06-29T13:00:46 IST" skipped="0">
  <testcase classname="TestCases.VrifyRegester" name="Regester" time="26.038"/>
  <system-out/>
</testsuite> <!-- TestCases.VrifyRegester -->
