<?xml version="1.0" encoding="UTF-8"?>
<!-- Generated by org.testng.reporters.JUnitReportReporter -->
<testsuite hostname="ArnoldShivajinagar" failures="0" tests="1" name="TestCases.VerifyLogIn" time="25.586" errors="0" timestamp="2023-06-29T13:00:46 IST" skipped="0">
  <testcase classname="TestCases.VerifyLogIn" name="Login" time="25.586"/>
  <system-out/>
</testsuite> <!-- TestCases.VerifyLogIn -->
