<?xml version="1.0" encoding="UTF-8"?>
<!-- Generated by org.testng.reporters.JUnitReportReporter -->
<testsuite hostname="ArnoldShivajinagar" failures="0" tests="1" name="TestCases.VerifyLogIn" time="37.853" errors="0" timestamp="2023-07-02T15:18:52 IST" skipped="0">
  <testcase classname="TestCases.VerifyLogIn" name="Login" time="37.853"/>
  <system-out/>
</testsuite> <!-- TestCases.VerifyLogIn -->
